<?xml version="1.0" encoding="UTF-8"?>
<testng-results skipped="0" failed="0" total="1" passed="1">
  <reporter-output>
  </reporter-output>
  <suite name="Default suite" duration-ms="27" started-at="2019-10-04T07:12:39Z" finished-at="2019-10-04T07:12:39Z">
    <groups>
    </groups>
    <test name="Default test" duration-ms="27" started-at="2019-10-04T07:12:39Z" finished-at="2019-10-04T07:12:39Z">
      <class name="ramesh.RameshSe.AppTest">
        <test-method status="PASS" signature="sample1()[pri:0, instance:ramesh.RameshSe.AppTest@7cdbc5d3]" name="sample1" duration-ms="10" started-at="2019-10-04T12:42:39Z" finished-at="2019-10-04T12:42:39Z">
          <reporter-output>
          </reporter-output>
        </test-method> <!-- sample1 -->
      </class> <!-- ramesh.RameshSe.AppTest -->
    </test> <!-- Default test -->
  </suite> <!-- Default suite -->
</testng-results>
